Processing structfile
Structure 1: 149 4 87 48 64 36 18 2 12 
	-> 12 64 2 
Structure 2: 4 49 0 60 805 20 13 753 
	-> 49 
Structure 3: 149 4 87 78 38 64 35 97 249 94 
	-> 64 35 
Structure 4: 3 51 48 205 0 66 517 64 18 160 12 
	-> 12 64 3 
Structure 5: 3 52 136 48 620 22 303 64 35 157 12 
	-> 12 64 3 35 22 
Structure 6: 30 90 76 7 0 64 37 157 12 
	-> 12 64 37 
Structure 7: 3 52 136 48 22 120 63 35 12 
	-> 12 3 35 22 
Structure 8: 3 10 367 360 48 64 35 985 2 12 
	-> 12 64 2 3 35 
Structure 9: 3 49 22 306 302 117 64 268 2 12 
	-> 12 64 2 3 49 22 
Structure 10: 3 9 913 49 64 35 2 12 
	-> 12 64 2 3 35 49 
Structure 11: 405 230 49 316 21 298 114 61 20 268 2 
	-> 2 49 
Structure 12: 3 52 136 48 611 22 120 64 37 157 12 
	-> 12 64 3 22 37 
Structure 13: 3 52 48 205 22 120 20 268 2 12 
	-> 12 2 3 22 
Structure 14: 30 662 7 64 36 35 2 12 
	-> 12 64 2 35 
Structure 15: 416 3 52 136 7 303 503 20 272 157 
	-> 3 
Structure 16: 3 52 48 64 18 2 12 
	-> 12 64 2 3 
Structure 17: 3 51 78 22 306 64 37 2 12 
	-> 12 64 2 3 22 37 
Structure 18: 11 51 78 64 35 2 12 
	-> 12 64 2 35 
Structure 19: 11 51 49 0 64 35 160 12 
	-> 12 64 35 49 
Structure 20: 90 914 46 7 0 64 35 157 12 
	-> 12 64 35 
Structure 21: 414 90 49 21 38 64 35 97 249 244 
	-> 64 35 49 
Structure 22: 3 52 49 22 64 35 2 12 
	-> 12 64 2 3 35 49 22 
Structure 23: 414 90 914 25 7 0 66 64 37 160 
	-> 64 37 
Structure 24: 30 90 81 23 40 64 35 159 2 12 
	-> 12 64 2 35 
Structure 25: 3 52 48 611 22 64 18 2 12 
	-> 12 64 2 3 22 
Structure 26: 3 52 136 49 120 64 37 12 
	-> 12 64 3 49 37 
Structure 27: 30 87 25 7 0 66 64 35 160 12 
	-> 12 64 35 
Structure 28: 745 414 90 78 6 0 64 35 157 
	-> 64 35 
Structure 29: 149 4 49 64 35 255 159 448 2 
	-> 64 2 35 49 
Structure 30: 54 405 230 913 78 119 294 35 2 156 13 
	-> 2 35 
Structure 31: 3 52 49 22 64 35 2 12 
	-> 12 64 2 3 35 49 22 
Structure 32: 3 219 655 214 49 0 64 35 12 
	-> 12 64 3 35 49 
Structure 33: 30 9 83 633 120 64 37 472 2 12 
	-> 12 64 2 37 
Structure 34: 3 662 901 7 120 64 18 2 12 
	-> 12 64 2 3 
Structure 35: 3 87 78 22 120 64 37 2 12 
	-> 12 64 2 3 22 37 
Structure 36: 3 9 7 120 64 35 2 12 
	-> 12 64 2 3 35 
Structure 37: 3 386 219 214 49 112 20 477 2 12 
	-> 12 2 3 49 
Structure 38: 3 52 49 22 120 64 35 2 12 
	-> 12 64 2 3 35 49 22 
Structure 39: 3 9 49 112 20 268 2 12 
	-> 12 2 3 49 
Structure 40: 3 78 22 120 64 35 2 12 
	-> 12 64 2 3 35 22 
Structure 41: 3 49 0 66 64 35 12 
	-> 12 64 3 35 49 
Structure 42: 28 87 78 64 35 2 756 12 
	-> 12 64 2 35 
Structure 43: 414 90 49 21 38 64 37 255 159 448 2 
	-> 64 2 49 37 
Structure 44: 3 52 136 78 22 185 64 35 12 
	-> 12 64 3 35 22 
Structure 45: 418 149 4 87 78 64 36 35 2 
	-> 64 2 35 
Structure 46: 3 10 86 48 64 37 2 12 
	-> 12 64 2 3 37 
Structure 47: 3 52 136 647 636 7 118 291 20 268 160 12 
	-> 12 3 
Structure 48: 145 4 87 78 627 64 37 472 159 2 12 
	-> 12 64 2 37 
Structure 49: 737 3 87 48 603 22 185 64 35 2 12 
	-> 12 64 2 3 35 22 
Structure 50: 3 52 49 22 120 64 35 2 12 
	-> 12 64 2 3 35 49 22 
Structure 51: 3 49 0 66 517 64 35 12 
	-> 12 64 3 35 49 
Structure 52: 3 52 86 49 64 37 2 12 
	-> 12 64 2 3 49 37 
Structure 53: 3 87 48 611 0 60 1006 20 268 12 
	-> 12 3 
Structure 54: 3 52 136 49 22 120 64 35 12 
	-> 12 64 3 35 49 22 
Structure 55: 3 52 136 49 22 120 64 35 157 12 
	-> 12 64 3 35 49 22 
Structure 56: 3 52 49 22 120 64 35 2 12 
	-> 12 64 2 3 35 49 22 
Structure 57: 3 52 49 22 306 182 829 64 268 2 12 
	-> 12 64 2 3 49 22 
Structure 58: 30 4 49 0 64 35 12 
	-> 12 64 35 49 
Structure 59: 3 87 48 205 0 66 64 37 12 
	-> 12 64 3 37 
Structure 60: 30 4 87 78 0 286 20 268 12 
	-> 12 
Structure 61: 30 4 49 64 37 450 2 12 
	-> 12 64 2 49 37 
Structure 62: 422 147 49 21 298 114 64 36 18 2 
	-> 64 2 49 
Structure 63: 3 10 86 48 205 64 37 2 12 
	-> 12 64 2 3 37 
Structure 64: 3 49 22 120 64 37 2 12 
	-> 12 64 2 3 49 22 37 
Structure 65: 414 90 49 0 66 64 35 158 12 
	-> 12 64 35 49 
Structure 66: 30 4 87 48 205 64 35 159 2 12 
	-> 12 64 2 35 
Structure 67: 3 10 86 214 49 64 37 985 2 12 
	-> 12 64 2 3 49 37 
Structure 68: 3 52 136 78 22 64 35 157 12 
	-> 12 64 3 35 22 
Structure 69: 414 90 46 7 0 60 805 20 268 12 
	-> 12 
Structure 70: 3 52 136 901 7 64 35 157 12 
	-> 12 64 3 35 
Structure 71: 3 52 78 22 306 182 64 268 2 12 
	-> 12 64 2 3 22 
Structure 72: 3 49 0 64 35 160 12 
	-> 12 64 3 35 49 
Structure 73: 414 90 49 21 298 114 64 35 97 249 
	-> 64 35 49 
Structure 74: 3 10 86 48 205 64 37 774 2 12 
	-> 12 64 2 3 37 
Structure 75: 3 49 22 303 64 35 2 12 
	-> 12 64 2 3 35 49 22 
Structure 76: 3 228 49 0 60 805 20 268 12 
	-> 12 3 49 
Structure 77: 3 52 49 22 120 64 37 2 12 12 
	-> 12 64 2 3 49 22 37 
Structure 78: 3 52 136 49 22 306 64 35 12 
	-> 12 64 3 35 49 22 
Structure 79: 418 412 145 4 78 64 35 255 159 448 2 12 
	-> 12 64 2 35 
Structure 80: 148 28 137 86 214 49 64 37 93 31 
	-> 64 49 37 
Structure 81: 414 90 913 78 0 66 60 1006 20 268 
	-> 
Structure 82: 3 52 7 303 64 37 2 12 
	-> 12 64 2 3 37 
Structure 83: 149 4 49 20 268 255 159 448 2 12 
	-> 12 2 49 
Structure 84: 3 87 49 22 120 64 35 2 12 
	-> 12 64 2 3 35 49 22 
Structure 85: 3 87 49 22 185 64 18 2 12 
	-> 12 64 2 3 49 22 
Structure 86: 3 52 136 49 22 306 302 117 62 498 12 
	-> 12 3 49 22 
Structure 87: 148 28 10 86 48 205 64 35 93 31 
	-> 64 35 
Structure 88: 3 87 48 205 63 35 774 2 12 
	-> 12 2 3 35 
Structure 89: 414 90 49 316 21 298 114 64 37 255 159 2 
	-> 64 2 49 37 
Structure 90: 90 48 205 316 21 38 64 37 97 249 
	-> 64 37 
Structure 91: 3 52 49 900 1017 64 37 2 12 
	-> 12 64 2 3 49 37 
Structure 92: 414 90 78 316 21 38 821 64 35 159 448 2 
	-> 64 2 35 
Structure 93: 30 4 83 903 0 60 805 20 268 12 
	-> 12 
Structure 94: 3 52 136 216 78 627 22 185 64 35 157 12 
	-> 12 64 3 35 22 
Structure 95: 3 10 367 86 48 205 64 35 2 12 
	-> 12 64 2 3 35 
Structure 96: 414 90 49 21 298 114 63 35 2 243 
	-> 2 35 49 
Structure 97: 3 52 48 205 22 120 64 37 2 12 
	-> 12 64 2 3 22 37 
Structure 98: 3 9 48 205 120 64 18 2 12 
	-> 12 64 2 3 
Structure 99: 3 363 80 351 40 63 35 2 12 
	-> 12 2 3 35 
Structure 100: 149 4 931 27 38 818 61 35 159 448 2 
	-> 2 35 
Structure 101: 3 682 661 7 0 66 64 35 755 12 
	-> 12 64 3 35 
Structure 102: 3 10 86 48 64 35 2 12 
	-> 12 64 2 3 35 
Structure 103: 149 961 4 83 903 64 37 255 159 2 12 
	-> 12 64 2 37 
Structure 104: 3 87 903 24 857 119 294 37 268 2 12 
	-> 12 2 3 37 
Structure 105: 3 52 136 647 636 202 7 120 64 37 472 12 
	-> 12 64 3 37 
Structure 106: 3 52 136 48 611 22 120 64 35 157 12 
	-> 12 64 3 35 22 
Structure 107: 3 660 7 0 64 37 157 12 
	-> 12 64 3 37 
Structure 108: 149 4 83 903 113 63 35 159 2 12 
	-> 12 2 35 
Structure 109: 3 52 602 7 119 294 20 268 2 12 
	-> 12 2 3 
Structure 110: 30 4 87 48 0 64 18 12 
	-> 12 64 
Structure 111: 30 4 49 0 64 37 268 12 
	-> 12 64 49 37 
Structure 112: 412 145 230 49 64 35 985 2 239 12 
	-> 12 64 2 35 49 
Structure 113: 149 4 49 901 38 64 37 2 
	-> 64 2 49 37 
Structure 114: 3 52 136 49 22 120 64 35 157 12 
	-> 12 64 3 35 49 22 
Structure 115: 3 10 367 49 64 35 2 12 
	-> 12 64 2 3 35 49 
Structure 116: 3 52 82 75 7 20 268 2 12 
	-> 12 2 3 
Structure 117: 11 51 49 0 286 60 20 268 12 
	-> 12 49 
Structure 118: 3 52 136 48 611 64 37 157 12 
	-> 12 64 3 37 
Structure 119: 3 52 49 22 302 117 64 477 2 12 
	-> 12 64 2 3 49 22 
Structure 120: 414 90 49 21 38 64 35 255 159 2 
	-> 64 2 35 49 
Structure 121: 414 90 49 316 21 38 64 35 97 249 
	-> 64 35 49 
Structure 122: 3 368 7 0 66 64 35 160 12 
	-> 12 64 3 35 
Structure 123: 414 90 25 7 0 64 37 160 756 12 
	-> 12 64 37 
Structure 124: 3 52 136 49 22 185 64 37 157 12 
	-> 12 64 3 49 22 37 
Structure 125: 3 52 78 22 306 64 35 2 12 
	-> 12 64 2 3 35 22 
Structure 126: 4 49 0 60 805 20 477 13 12 
	-> 12 49 
Structure 127: 149 4 49 63 35 159 448 2 12 
	-> 12 2 35 49 
Structure 128: 230 211 78 22 185 64 37 268 2 92 12 
	-> 12 64 2 22 37 
Structure 129: 30 145 4 78 64 37 159 2 12 
	-> 12 64 2 37 
Structure 130: 414 90 914 25 7 64 35 2 12 
	-> 12 64 2 35 
Structure 131: 30 4 87 78 64 35 159 2 12 
	-> 12 64 2 35 
Structure 132: 414 90 25 7 0 64 37 12 
	-> 12 64 37 
Structure 133: 3 698 49 0 66 64 37 12 
	-> 12 64 3 49 37 
Structure 134: 3 4 48 303 64 36 18 2 12 
	-> 12 64 2 3 
Structure 135: 3 86 913 49 64 35 159 2 12 
	-> 12 64 2 3 35 49 
Structure 136: 3 52 901 7 64 37 2 12 
	-> 12 64 2 3 37 
Structure 137: 3 87 903 7 0 64 37 12 
	-> 12 64 3 37 
Structure 138: 3 52 136 78 620 22 306 117 64 268 12 
	-> 12 64 3 22 
Structure 139: 414 90 25 7 0 64 35 157 12 
	-> 12 64 35 
Structure 140: 149 4 214 49 176 20 268 159 2 12 
	-> 12 2 49 
Structure 141: 3 52 136 135 131 7 35 157 12 
	-> 12 3 35 
Structure 142: 414 90 214 49 21 298 114 61 20 268 159 448 2 
	-> 2 49 
Structure 143: 393 87 48 6 0 66 64 18 12 
	-> 12 64 
Structure 144: 149 4 49 64 36 18 2 12 
	-> 12 64 2 49 
Structure 145: 3 52 660 7 120 64 35 2 12 
	-> 12 64 2 3 35 
Structure 146: 3 87 48 22 306 64 35 2 12 
	-> 12 64 2 3 35 22 
Structure 147: 3 10 86 48 64 35 2 12 
	-> 12 64 2 3 35 
Structure 148: 3 52 136 48 611 22 64 37 157 12 
	-> 12 64 3 22 37 
Structure 149: 30 90 49 306 182 111 159 2 12 
	-> 12 2 49 
Structure 150: 30 145 4 87 48 64 35 159 2 12 
	-> 12 64 2 35 
Structure 151: 418 30 10 86 48 611 19 35 2 12 
	-> 12 2 35 
Structure 152: 3 9 210 75 131 7 20 268 2 12 
	-> 12 2 3 
Structure 153: 414 90 49 316 21 298 114 63 35 255 2 
	-> 2 35 49 
Structure 154: 3 86 49 64 35 159 2 12 
	-> 12 64 2 3 35 49 
Structure 155: 3 49 0 286 503 805 20 268 12 
	-> 12 3 49 
Structure 156: 3 230 49 22 120 64 37 2 12 
	-> 12 64 2 3 49 22 37 
Structure 157: 3 9 49 119 294 35 2 12 
	-> 12 2 3 35 49 
Structure 158: 3 78 22 120 64 35 2 12 
	-> 12 64 2 3 35 22 
Structure 159: 414 90 78 316 21 38 61 20 268 2 
	-> 2 
Structure 160: 414 90 48 205 123 1 113 64 35 159 2 
	-> 64 2 35 
Structure 161: 3 87 901 7 0 286 503 20 268 12 
	-> 12 3 
Structure 162: 144 28 87 47 7 64 268 93 31 
	-> 64 
Structure 163: 3 52 136 356 630 7 64 35 12 
	-> 12 64 3 35 
Structure 164: 144 28 10 86 48 64 35 32 12 
	-> 12 64 35 
Structure 165: 30 28 86 49 64 37 2 12 
	-> 12 64 2 49 37 
Structure 166: 3 51 78 64 18 2 12 
	-> 12 64 2 3 
Structure 167: 30 145 230 7 64 36 18 2 12 
	-> 12 64 2 
Structure 168: 3 52 903 7 119 294 503 20 268 768 12 
	-> 12 3 
Structure 169: 3 10 86 214 49 64 35 2 12 
	-> 12 64 2 3 35 49 
Structure 170: 3 52 83 903 22 64 35 2 12 
	-> 12 64 2 3 35 22 
Structure 171: 4 87 49 21 38 64 36 18 2 
	-> 64 2 49 
Structure 172: 3 219 214 49 0 60 805 20 268 12 
	-> 12 3 49 
Structure 173: 3 9 82 134 7 120 37 2 12 
	-> 12 2 3 37 
Structure 174: 3 228 48 205 22 306 64 35 2 12 
	-> 12 64 2 3 35 22 
Structure 175: 3 87 903 7 0 64 35 157 12 
	-> 12 64 3 35 
Structure 176: 3 52 49 22 120 64 35 2 12 
	-> 12 64 2 3 35 49 22 
Structure 177: 3 52 136 48 205 22 64 37 157 12 
	-> 12 64 3 22 37 
Structure 178: 3 368 606 7 303 64 35 2 12 
	-> 12 64 2 3 35 
Structure 179: 3 52 49 22 854 64 35 2 12 
	-> 12 64 2 3 35 49 22 
Structure 180: 3 52 136 49 22 306 302 117 62 157 12 
	-> 12 3 49 22 
Structure 181: 3 52 49 64 37 2 12 
	-> 12 64 2 3 49 37 
Structure 182: 3 52 136 78 303 64 18 157 12 
	-> 12 64 3 
Structure 183: 3 87 901 7 0 64 37 157 12 
	-> 12 64 3 37 
Structure 184: 3 230 49 22 64 35 2 12 
	-> 12 64 2 3 35 49 22 
Structure 185: 3 52 136 49 22 64 37 12 
	-> 12 64 3 49 22 37 
Structure 186: 3 52 136 48 611 22 185 64 35 12 
	-> 12 64 3 35 22 
Structure 187: 3 49 0 60 20 268 12 
	-> 12 3 49 
Structure 188: 11 48 611 22 64 37 2 
	-> 64 2 22 37 
Structure 189: 418 149 4 49 64 36 35 2 12 
	-> 12 64 2 35 49 
Structure 190: 3 9 83 903 24 68 35 2 12 
	-> 12 2 3 35 
Structure 191: 3 4 49 0 286 60 1006 20 268 12 
	-> 12 3 49 
Structure 192: 3 9 49 120 64 35 2 12 
	-> 12 64 2 3 35 49 
Structure 193: 3 52 49 22 120 64 37 2 12 
	-> 12 64 2 3 49 22 37 
Structure 194: 149 4 78 38 64 35 255 159 448 2 
	-> 64 2 35 
Structure 195: 3 662 903 7 0 64 37 157 12 
	-> 12 64 3 37 
Structure 196: 414 90 49 316 21 38 61 20 268 159 448 2 
	-> 2 49 
Structure 197: 3 52 136 48 205 22 302 117 64 268 157 12 
	-> 12 64 3 22 
Structure 198: 412 145 4 78 64 166 257 159 2 12 
	-> 12 64 2 
Structure 199: 3 86 48 611 64 37 2 12 
	-> 12 64 2 3 37 
Structure 200: 4 83 903 21 38 64 36 18 2 
	-> 64 2 
Structure 201: 4 83 903 298 114 64 35 255 159 2 
	-> 64 2 35 
Structure 202: 412 145 4 376 78 64 991 33 57 159 2 152 
	-> 64 2 
Structure 203: 3 87 901 7 64 37 450 2 12 
	-> 12 64 2 3 37 
Structure 204: 4 87 48 611 0 64 37 157 13 
	-> 64 37 
Structure 205: 3 214 49 0 60 20 472 12 
	-> 12 3 49 
Structure 206: 3 52 136 49 22 120 64 37 157 12 
	-> 12 64 3 49 22 37 
Structure 207: 418 149 4 87 49 113 112 36 35 2 12 
	-> 12 2 35 49 
Structure 208: 3 10 367 78 64 37 2 12 
	-> 12 64 2 3 37 
Structure 209: 3 10 86 48 205 64 37 2 12 
	-> 12 64 2 3 37 
Structure 210: 30 90 83 903 24 68 119 294 35 2 12 
	-> 12 2 35 
Structure 211: 414 90 913 49 21 298 114 61 20 472 159 448 2 
	-> 2 49 
Structure 212: 30 4 87 48 611 853 64 36 18 2 12 
	-> 12 64 2 
Structure 213: 3 10 86 49 64 35 2 
	-> 64 2 3 35 49 
Structure 214: 416 3 10 86 633 7 64 35 2 
	-> 64 2 3 35 
Structure 215: 3 87 48 22 120 64 37 2 12 
	-> 12 64 2 3 22 37 
Structure 216: 11 51 49 68 18 2 12 
	-> 12 2 49 
Structure 217: 3 9 214 49 120 64 35 2 12 
	-> 12 64 2 3 35 49 
Structure 218: 416 3 87 48 611 0 60 1006 20 268 
	-> 3 
Structure 219: 148 28 10 86 48 64 35 764 31 242 
	-> 64 35 
Structure 220: 3 9 49 120 64 37 2 12 
	-> 12 64 2 3 49 37 
Structure 221: 3 52 49 22 120 64 35 2 12 
	-> 12 64 2 3 35 49 22 
Structure 222: 30 4 49 0 60 1006 20 268 12 
	-> 12 49 
Structure 223: 3 87 48 0 66 63 18 160 12 
	-> 12 3 
Structure 224: 3 52 49 22 64 18 2 12 
	-> 12 64 2 3 49 22 
Structure 225: 3 10 367 360 48 611 63 35 774 2 12 
	-> 12 2 3 35 
Structure 226: 3 214 49 0 66 64 37 160 12 
	-> 12 64 3 49 37 
Structure 227: 3 52 136 49 22 64 37 157 12 
	-> 12 64 3 49 22 37 
Structure 228: 414 90 214 49 0 66 517 60 20 268 12 
	-> 12 49 
Structure 229: 414 90 48 611 316 21 38 63 18 255 159 448 2 
	-> 2 
Structure 230: 3 52 136 640 599 202 7 64 35 12 
	-> 12 64 3 35 
Structure 231: 414 90 49 316 21 38 61 20 2 
	-> 2 49 
Structure 232: 3 9 48 611 119 294 20 268 2 12 
	-> 12 2 3 
Structure 233: 3 10 86 48 611 64 35 2 12 
	-> 12 64 2 3 35 
Structure 234: 149 4 49 294 171 19 35 2 12 
	-> 12 2 35 49 
Structure 235: 3 9 49 68 119 294 20 268 2 12 
	-> 12 2 3 49 
Structure 236: 3 87 7 0 66 517 60 20 268 12 
	-> 12 3 
Structure 237: 412 145 4 49 38 64 35 255 159 448 2 
	-> 64 2 35 49 
Structure 238: 3 87 48 603 0 60 20 268 12 
	-> 12 3 
Structure 239: 3 52 49 22 185 64 35 2 12 
	-> 12 64 2 3 35 49 22 
Structure 240: 230 914 46 7 0 60 20 268 12 
	-> 12 
Structure 241: 30 142 9 49 120 64 18 2 12 
	-> 12 64 2 49 
Structure 242: 3 87 48 611 64 35 2 12 
	-> 12 64 2 3 35 
Structure 243: 3 52 136 49 22 120 64 18 12 
	-> 12 64 3 49 22 
Structure 244: 3 230 368 7 0 64 37 157 12 
	-> 12 64 3 37 
Structure 245: 3 52 48 205 22 63 18 12 
	-> 12 3 22 
Structure 246: 3 87 48 205 0 512 175 284 18 12 
	-> 12 3 
Structure 247: 4 49 119 294 36 35 2 12 
	-> 12 2 35 49 
Structure 248: 3 87 49 22 120 64 35 2 12 
	-> 12 64 2 3 35 49 22 
Structure 249: 3 52 49 22 120 64 37 2 12 
	-> 12 64 2 3 49 22 37 
Structure 250: 3 230 661 7 0 286 60 20 268 12 
	-> 12 3 
Structure 251: 3 87 903 7 64 18 2 12 
	-> 12 64 2 3 
Structure 252: 3 87 48 611 22 185 64 35 2 12 
	-> 12 64 2 3 35 22 
Structure 253: 11 49 68 119 294 805 20 796 268 2 12 
	-> 12 2 49 
Structure 254: 3 52 78 22 306 182 64 268 2 12 
	-> 12 64 2 3 22 
Structure 255: 3 52 78 22 64 35 2 12 
	-> 12 64 2 3 35 22 
Structure 256: 3 52 136 636 7 303 64 35 12 
	-> 12 64 3 35 
Structure 257: 3 87 48 0 286 60 20 268 12 
	-> 12 3 
Structure 258: 3 660 7 0 64 35 98 158 12 
	-> 12 64 3 35 
Structure 259: 3 52 49 22 120 64 35 2 12 
	-> 12 64 2 3 35 49 22 
Structure 260: 736 3 52 136 78 22 185 64 35 12 
	-> 12 64 3 35 22 
Structure 261: 3 52 49 22 302 117 62 498 2 12 
	-> 12 2 3 49 22 
Structure 262: 3 10 86 48 611 64 35 2 12 
	-> 12 64 2 3 35 
Structure 263: 418 3 10 86 49 64 35 2 
	-> 64 2 3 35 49 
Structure 264: 3 9 83 903 24 857 119 294 35 2 12 
	-> 12 2 3 35 
Structure 265: 418 412 145 4 49 64 36 35 2 
	-> 64 2 35 49 
Structure 266: 3 87 48 22 185 64 35 2 12 
	-> 12 64 2 3 35 22 
Structure 267: 149 4 930 921 81 64 35 159 448 2 756 12 
	-> 12 64 2 35 
Structure 268: 414 90 49 21 38 61 20 268 159 2 
	-> 2 49 
Structure 269: 3 87 78 0 66 64 35 158 12 
	-> 12 64 3 35 
Structure 270: 3 52 210 75 131 7 20 268 2 12 
	-> 12 2 3 
Structure 271: 414 90 49 316 21 38 64 35 159 2 
	-> 64 2 35 49 
Structure 272: 3 51 49 22 120 64 37 2 12 
	-> 12 64 2 3 49 22 37 
Structure 273: 3 10 367 360 78 64 37 2 12 
	-> 12 64 2 3 37 
Structure 274: 3 87 48 611 0 64 37 157 12 
	-> 12 64 3 37 
Structure 275: 3 9 49 40 64 37 2 12 
	-> 12 64 2 3 49 37 
Structure 276: 30 4 49 0 64 35 12 
	-> 12 64 35 49 
Structure 277: 149 4 49 64 36 35 160 2 756 12 
	-> 12 64 2 35 49 
Structure 278: 3 52 136 644 350 194 23 64 35 12 
	-> 12 64 3 35 
Structure 279: 414 90 48 611 1 113 64 36 18 2 152 
	-> 64 2 
Structure 280: 3 52 136 49 22 120 64 35 12 
	-> 12 64 3 35 49 22 
Structure 281: 149 4 48 205 64 36 18 2 12 
	-> 12 64 2 
Structure 282: 3 376 49 0 64 35 158 12 
	-> 12 64 3 35 49 
Structure 283: 30 28 87 131 7 303 64 35 2 12 
	-> 12 64 2 35 
Structure 284: 3 52 49 22 120 64 37 2 12 
	-> 12 64 2 3 49 22 37 
Structure 285: 414 968 90 76 606 7 0 66 517 60 20 268 756 12 
	-> 12 
Structure 286: 3 52 136 131 7 66 64 37 12 
	-> 12 64 3 37 
Structure 287: 3 672 27 64 35 2 12 
	-> 12 64 2 3 35 
Structure 288: 30 87 48 611 0 63 18 157 12 
	-> 12 
Structure 289: 3 87 48 22 185 64 35 2 12 
	-> 12 64 2 3 35 22 
Structure 290: 230 25 7 556 0 64 37 160 12 
	-> 12 64 37 
Structure 291: 3 52 136 82 135 7 20 268 98 158 12 
	-> 12 3 
Structure 292: 3 87 48 22 120 64 18 2 12 
	-> 12 64 2 3 22 
Structure 293: 3 87 7 0 64 37 12 
	-> 12 64 3 37 
Structure 294: 30 145 4 87 78 205 64 36 18 2 12 
	-> 12 64 2 
Structure 295: 3 87 25 7 0 64 37 98 12 
	-> 12 64 3 37 
Structure 296: 30 142 10 86 48 611 64 35 2 
	-> 64 2 35 
Structure 297: 3 52 86 214 49 64 35 2 12 
	-> 12 64 2 3 35 49 
Structure 298: 3 10 86 48 611 63 35 2 12 
	-> 12 2 3 35 
Structure 299: 3 87 7 303 64 37 2 12 
	-> 12 64 2 3 37 
Structure 300: 3 52 136 48 611 22 64 18 157 12 
	-> 12 64 3 22 
Structure 301: 4 48 205 21 38 821 63 18 97 2 
	-> 2 
Structure 302: 3 9 49 315 303 18 2 12 
	-> 12 2 3 49 
Structure 303: 3 230 7 0 64 35 12 
	-> 12 64 3 35 
Structure 304: 3 52 48 22 302 117 62 2 12 
	-> 12 2 3 22 
Structure 305: 412 145 4 87 48 205 64 37 2 429 241 
	-> 64 2 37 
Structure 306: 3 230 78 620 0 64 37 452 12 
	-> 12 64 3 37 
Structure 307: 3 52 136 78 205 120 64 35 157 12 
	-> 12 64 3 35 
Structure 308: 408 11 51 49 0 66 64 18 160 12 
	-> 12 64 49 
Structure 309: 414 90 25 7 0 66 517 64 37 160 12 
	-> 12 64 37 
Structure 310: 3 52 49 22 120 64 35 2 12 
	-> 12 64 2 3 35 49 22 
Structure 311: 145 4 87 78 64 36 165 18 2 13 753 
	-> 64 2 
Structure 312: 418 412 145 4 921 83 903 64 37 255 159 2 238 424 
	-> 64 2 37 
Structure 313: 414 90 46 7 303 64 35 2 12 
	-> 12 64 2 35 
Structure 314: 3 10 86 48 205 64 35 2 12 
	-> 12 64 2 3 35 
Structure 315: 3 52 136 48 205 22 185 64 35 157 
	-> 64 3 35 22 
Structure 316: 4 81 21 38 61 19 18 2 
	-> 2 
Structure 317: 3 52 136 49 22 302 117 62 809 157 12 
	-> 12 3 49 22 
Structure 318: 30 4 78 64 37 450 2 12 
	-> 12 64 2 37 
Structure 319: 30 145 4 78 64 37 2 12 
	-> 12 64 2 37 
Structure 320: 406 387 11 51 49 68 297 20 272 2 
	-> 2 49 
Structure 321: 3 52 136 78 22 120 64 37 157 12 
	-> 12 64 3 22 37 
Structure 322: 30 87 46 7 0 64 37 160 12 
	-> 12 64 37 
Structure 323: 3 48 0 66 64 37 160 12 
	-> 12 64 3 37 
Structure 324: 3 52 49 22 64 35 2 12 
	-> 12 64 2 3 35 49 22 
Structure 325: 3 230 662 7 0 66 64 35 160 12 
	-> 12 64 3 35 
Structure 326: 3 78 0 517 64 35 160 12 
	-> 12 64 3 35 
Structure 327: 149 4 49 64 36 35 2 12 
	-> 12 64 2 35 49 
Structure 328: 11 51 49 0 66 64 35 
	-> 64 35 49 
Structure 329: 145 4 87 49 64 36 35 2 12 
	-> 12 64 2 35 49 
Structure 330: 3 52 136 49 22 120 64 166 157 12 
	-> 12 64 3 49 22 
Structure 331: 30 4 87 48 611 120 64 36 18 2 12 
	-> 12 64 2 
Structure 332: 3 51 49 64 35 2 12 
	-> 12 64 2 3 35 49 
Structure 333: 3 230 51 49 22 120 64 35 2 12 
	-> 12 64 2 3 35 49 22 
Structure 334: 3 52 136 640 7 64 18 153 
	-> 64 3 
Structure 335: 414 90 25 7 0 66 517 64 35 160 756 12 
	-> 12 64 35 
Structure 336: 412 145 4 49 64 36 18 2 12 
	-> 12 64 2 49 
Structure 337: 423 28 137 8 131 7 64 2 
	-> 64 2 
Structure 338: 973 3 52 49 22 185 291 20 268 2 
	-> 2 3 49 22 
Structure 339: 151 413 712 87 7 0 60 20 477 13 
	-> 
Structure 340: 3 228 49 0 66 517 64 35 12 
	-> 12 64 3 35 49 
Structure 341: 414 90 48 205 316 21 114 61 20 268 2 
	-> 2 
Structure 342: 3 78 22 120 35 2 12 
	-> 12 2 3 35 22 
Structure 343: 3 9 903 7 303 64 35 2 12 
	-> 12 64 2 3 35 
Structure 344: 3 52 136 49 22 64 18 12 
	-> 12 64 3 49 22 
Structure 345: 3 87 48 611 0 286 60 20 268 12 
	-> 12 3 
Structure 346: 3 52 48 611 22 120 64 35 2 12 
	-> 12 64 2 3 35 22 
Structure 347: 3 49 22 120 64 35 2 12 
	-> 12 64 2 3 35 49 22 
Structure 348: 3 87 48 205 0 64 35 12 
	-> 12 64 3 35 
Structure 349: 3 10 86 48 205 64 37 268 985 2 12 
	-> 12 64 2 3 37 
Structure 350: 3 52 49 22 120 64 37 2 12 
	-> 12 64 2 3 49 22 37 
Structure 351: 30 4 49 0 66 60 805 20 268 12 
	-> 12 49 
Structure 352: 416 3 219 655 49 0 64 35 157 
	-> 64 3 35 49 
Structure 353: 414 90 49 21 38 280 19 35 2 
	-> 2 35 49 
Structure 354: 3 10 86 48 611 64 35 2 12 
	-> 12 64 2 3 35 
Structure 355: 3 52 49 22 185 64 37 2 12 
	-> 12 64 2 3 49 22 37 
Structure 356: 406 387 11 51 49 120 64 35 2 
	-> 64 2 35 49 
Structure 357: 3 228 49 22 120 64 37 2 12 
	-> 12 64 2 3 49 22 37 
Structure 358: 414 90 25 7 0 64 37 452 12 
	-> 12 64 37 
Structure 359: 30 662 25 7 0 64 35 12 
	-> 12 64 35 
Structure 360: 3 924 78 22 185 64 18 2 12 
	-> 12 64 2 3 22 
Structure 361: 414 90 25 7 0 517 60 805 20 268 12 
	-> 12 
Structure 362: 3 52 136 49 22 303 64 37 12 
	-> 12 64 3 49 22 37 
Structure 363: 30 228 76 633 7 0 66 64 35 160 12 
	-> 12 64 35 
Structure 364: 30 10 86 48 64 36 18 2 12 
	-> 12 64 2 
Structure 365: 3 52 136 49 22 120 64 37 157 12 
	-> 12 64 3 49 22 37 
Structure 366: 3 52 136 49 22 120 64 37 472 157 12 
	-> 12 64 3 49 22 37 
Structure 367: 3 49 120 64 37 2 12 
	-> 12 64 2 3 49 37 
Structure 368: 414 90 48 205 316 21 38 63 18 97 95 94 
	-> 
Structure 369: 3 87 49 22 120 64 37 2 12 
	-> 12 64 2 3 49 22 37 
Structure 370: 414 90 49 316 21 38 63 35 255 159 448 2 
	-> 2 35 49 
Structure 371: 30 4 930 83 903 0 66 64 35 160 12 
	-> 12 64 35 
Structure 372: 3 52 136 78 22 120 64 37 157 12 
	-> 12 64 3 22 37 
Structure 373: 3 52 49 22 303 64 37 2 12 
	-> 12 64 2 3 49 22 37 
Structure 374: 3 52 136 49 22 64 37 12 
	-> 12 64 3 49 22 37 
Structure 375: 3 87 48 22 297 20 268 2 12 
	-> 12 2 3 22 
Structure 376: 145 4 48 611 171 19 5 162 160 12 
	-> 12 
Structure 377: 3 52 49 22 64 35 2 12 
	-> 12 64 2 3 35 49 22 
Structure 378: 3 9 26 7 64 268 2 12 
	-> 12 64 2 3 
Structure 379: 3 52 49 22 185 64 35 2 12 
	-> 12 64 2 3 35 49 22 
Structure 380: 958 11 51 49 0 66 64 35 
	-> 64 35 49 
Structure 381: 3 49 64 35 2 12 
	-> 12 64 2 3 35 49 
Structure 382: 3 87 48 611 0 64 35 157 12 
	-> 12 64 3 35 
Structure 383: 149 4 49 64 35 255 159 2 12 
	-> 12 64 2 35 49 
Structure 384: 90 25 7 0 66 64 35 
	-> 64 35 
Structure 385: 3 52 49 22 64 37 2 12 
	-> 12 64 2 3 49 22 37 
Structure 386: 3 9 80 351 64 35 2 12 
	-> 12 64 2 3 35 
Structure 387: 3 52 49 22 64 37 472 2 12 
	-> 12 64 2 3 49 22 37 
Structure 388: 3 52 214 49 20 268 2 12 
	-> 12 2 3 49 
Structure 389: 149 4 78 620 64 36 18 2 756 12 
	-> 12 64 2 
Structure 390: 3 52 136 49 22 120 64 37 12 
	-> 12 64 3 49 22 37 
Structure 391: 3 52 136 78 22 120 64 37 157 12 
	-> 12 64 3 22 37 
Structure 392: 3 52 136 49 22 64 18 12 
	-> 12 64 3 49 22 
Structure 393: 3 87 48 205 0 64 35 772 12 
	-> 12 64 3 35 
Structure 394: 414 90 49 21 38 61 814 19 35 2 
	-> 2 35 49 
Structure 395: 414 90 49 21 38 64 37 92 
	-> 64 49 37 
Structure 396: 414 90 49 316 21 38 64 35 2 92 
	-> 64 2 35 49 
Structure 397: 3 52 49 22 120 64 35 2 12 
	-> 12 64 2 3 35 49 22 
Structure 398: 3 87 48 0 64 35 12 
	-> 12 64 3 35 
Structure 399: 3 9 83 903 24 119 294 35 2 12 
	-> 12 2 3 35 
Structure 400: 149 4 78 64 37 97 249 94 
	-> 64 37 
Structure 401: 3 10 86 49 63 35 2 12 
	-> 12 2 3 35 49 
Structure 402: 3 230 660 25 7 0 517 60 503 20 12 
	-> 12 3 
Structure 403: 423 4 87 49 21 38 64 37 159 2 
	-> 64 2 49 37 
Structure 404: 11 51 78 0 517 286 60 20 268 12 
	-> 12 
Structure 405: 10 367 131 7 64 18 97 2 12 
	-> 12 64 2 
Structure 406: 414 90 48 205 0 60 20 272 12 
	-> 12 
Structure 407: 30 4 49 64 36 35 2 12 
	-> 12 64 2 35 49 
Structure 408: 3 49 0 64 35 452 12 
	-> 12 64 3 35 49 
Structure 409: 3 52 136 49 22 120 64 18 12 
	-> 12 64 3 49 22 
Structure 410: 3 52 84 49 22 120 64 35 153 
	-> 64 3 35 49 22 
Structure 411: 3 9 82 134 7 20 268 2 12 
	-> 12 2 3 
Structure 412: 3 87 78 0 64 37 157 12 
	-> 12 64 3 37 
Structure 413: 3 686 87 49 0 64 476 35 160 12 
	-> 12 64 3 35 49 
Structure 414: 30 4 49 0 64 35 160 12 
	-> 12 64 35 49 
Structure 415: 4 87 49 21 38 61 59 270 35 160 
	-> 35 49 
Structure 416: 3 9 360 48 63 18 2 12 
	-> 12 2 3 
Structure 417: 3 52 49 22 302 117 64 268 2 12 
	-> 12 64 2 3 49 22 
Structure 418: 145 4 49 38 64 36 35 2 
	-> 64 2 35 49 
Structure 419: 3 662 48 0 286 503 20 268 12 
	-> 12 3 
Structure 420: 3 9 49 40 64 37 2 12 
	-> 12 64 2 3 49 37 
Structure 421: 3 4 49 0 66 64 35 160 12 
	-> 12 64 3 35 49 
Structure 422: 387 11 51 49 0 66 64 35 158 152 
	-> 64 35 49 
Structure 423: 414 90 78 620 1 64 35 255 159 2 153 
	-> 64 2 35 
Structure 424: 3 87 7 0 60 805 20 268 12 
	-> 12 3 
Structure 425: 3 230 82 134 7 35 159 2 12 
	-> 12 2 3 35 
Structure 426: 30 4 87 78 0 64 37 268 12 
	-> 12 64 37 
Structure 427: 3 4 49 0 60 805 20 268 12 
	-> 12 3 49 
Structure 428: 3 87 49 620 22 120 64 37 2 12 
	-> 12 64 2 3 49 22 37 
Structure 429: 3 52 7 303 63 35 2 12 
	-> 12 2 3 35 
Structure 430: 3 52 136 49 22 120 64 35 12 
	-> 12 64 3 35 49 22 
Structure 431: 3 87 49 0 64 35 12 
	-> 12 64 3 35 49 
Structure 432: 3 9 903 7 303 64 35 2 247 12 
	-> 12 64 2 3 35 
Structure 433: 418 149 4 87 49 64 36 18 2 12 
	-> 12 64 2 49 
Structure 434: 3 219 655 49 0 63 35 12 
	-> 12 3 35 49 
Structure 435: 3 52 136 7 64 35 12 
	-> 12 64 3 35 
Structure 436: 3 52 78 22 120 64 37 2 12 
	-> 12 64 2 3 22 37 
Structure 437: 3 10 86 78 64 37 2 12 
	-> 12 64 2 3 37 
Structure 438: 3 9 83 901 23 120 64 35 2 12 
	-> 12 64 2 3 35 
Structure 439: 230 361 912 46 7 0 60 1006 20 268 12 
	-> 12 
Structure 440: 414 90 49 21 38 61 20 268 159 2 
	-> 2 49 
Structure 441: 3 52 49 22 119 294 20 268 2 12 
	-> 12 2 3 49 22 
Structure 442: 3 51 49 22 302 117 62 809 2 12 
	-> 12 2 3 49 22 
Structure 443: 145 4 78 63 18 2 13 
	-> 2 
Structure 444: 3 52 136 49 22 185 64 37 12 
	-> 12 64 3 49 22 37 
Structure 445: 3 698 230 49 64 37 2 12 
	-> 12 64 2 3 49 37 
Structure 446: 4 48 205 21 38 64 35 255 159 448 2 
	-> 64 2 35 
Structure 447: 3 52 48 611 22 302 117 64 268 2 12 
	-> 12 64 2 3 22 
Structure 448: 3 52 48 611 185 64 35 2 12 
	-> 12 64 2 3 35 
Structure 449: 3 52 49 120 64 35 2 12 
	-> 12 64 2 3 35 49 
Structure 450: 973 3 4 49 0 64 35 157 
	-> 64 3 35 49 
Structure 451: 414 90 48 611 316 21 38 61 20 268 159 448 2 
	-> 2 
Structure 452: 3 52 48 205 22 185 64 37 2 12 
	-> 12 64 2 3 22 37 
Structure 453: 3 10 367 131 7 64 35 985 2 12 
	-> 12 64 2 3 35 
Structure 454: 412 145 4 49 19 37 2 
	-> 2 49 37 
Structure 455: 3 10 86 48 64 35 774 2 12 
	-> 12 64 2 3 35 
Structure 456: 30 405 78 22 120 64 35 2 12 
	-> 12 64 2 35 22 
Structure 457: 3 52 78 22 63 35 2 12 
	-> 12 2 3 35 22 
Structure 458: 4 48 205 0 66 517 60 1006 20 268 12 
	-> 12 
Structure 459: 3 52 7 556 303 64 35 2 12 
	-> 12 64 2 3 35 
Structure 460: 3 51 49 120 64 35 2 12 
	-> 12 64 2 3 35 49 
Structure 461: 30 90 27 872 24 119 294 18 159 448 2 12 
	-> 12 2 
Structure 462: 423 11 51 48 205 22 120 64 35 2 12 
	-> 12 64 2 35 22 
Structure 463: 414 90 49 21 38 61 20 268 159 448 2 
	-> 2 49 
Structure 464: 412 145 4 49 64 35 255 159 2 12 
	-> 12 64 2 35 49 
Structure 465: 149 4 87 49 114 64 35 97 249 441 244 
	-> 64 35 49 
Structure 466: 3 9 83 903 24 68 119 294 37 2 12 
	-> 12 2 3 37 
Structure 467: 3 10 86 78 64 37 450 2 12 
	-> 12 64 2 3 37 
Structure 468: 3 52 136 647 48 205 22 185 64 35 12 
	-> 12 64 3 35 22 
Structure 469: 3 9 49 68 119 294 20 268 2 12 
	-> 12 2 3 49 
Structure 470: 30 90 662 25 7 64 37 2 12 
	-> 12 64 2 37 
Structure 471: 3 4 87 49 0 66 64 35 12 
	-> 12 64 3 35 49 
Structure 472: 412 145 4 87 48 205 171 19 18 2 12 
	-> 12 2 
Structure 473: 414 90 49 1 64 35 255 159 2 
	-> 64 2 35 49 
Structure 474: 3 52 49 22 303 64 37 268 2 
	-> 64 2 3 49 22 37 
Structure 475: 149 4 87 49 20 268 255 159 2 12 
	-> 12 2 49 
Structure 476: 414 90 49 316 21 38 503 805 20 268 2 92 
	-> 2 49 
Structure 477: 414 90 46 7 0 64 35 157 756 12 
	-> 12 64 35 
Structure 478: 3 10 367 360 49 64 18 2 12 
	-> 12 64 2 3 49 
Structure 479: 414 90 25 7 64 37 2 12 
	-> 12 64 2 37 
Structure 480: 49 316 21 38 61 20 268 159 448 2 
	-> 2 49 
Structure 481: 3 51 49 22 64 35 2 12 
	-> 12 64 2 3 35 49 22 
Structure 482: 3 49 0 64 35 160 12 
	-> 12 64 3 35 49 
Structure 483: 3 655 49 0 66 64 35 160 12 
	-> 12 64 3 35 49 
Structure 484: 3 10 367 360 78 63 35 985 2 12 
	-> 12 2 3 35 
Structure 485: 3 52 136 49 40 64 18 12 
	-> 12 64 3 49 
Structure 486: 3 7 0 66 511 60 20 268 12 
	-> 12 3 
Structure 487: 3 954 913 48 205 0 517 64 35 12 
	-> 12 64 3 35 
Structure 488: 3 51 48 205 22 120 64 35 2 12 
	-> 12 64 2 3 35 22 
Structure 489: 3 87 48 205 0 66 64 35 160 
	-> 64 3 35 
Structure 490: 414 90 78 316 21 298 114 61 35 2 
	-> 2 35 
Structure 491: 3 4 83 903 0 64 37 157 12 
	-> 12 64 3 37 
Structure 492: 3 52 49 22 185 64 35 2 12 
	-> 12 64 2 3 35 49 22 
Structure 493: 3 52 136 49 120 64 37 157 12 
	-> 12 64 3 49 37 
Structure 494: 28 10 86 48 208 64 35 2 12 
	-> 12 64 2 35 
Structure 495: 30 4 49 0 66 64 37 12 
	-> 12 64 49 37 
Structure 496: 3 52 645 24 68 297 37 2 12 
	-> 12 2 3 37 
Structure 497: 30 4 83 903 303 19 35 2 12 
	-> 12 2 35 
Structure 498: 3 228 78 22 64 35 2 12 
	-> 12 64 2 3 35 22 
Structure 499: 3 52 49 22 64 35 2 152 
	-> 64 2 3 35 49 22 
Structure 500: 414 90 48 603 316 21 38 61 498 35 159 2 
	-> 2 35 
Structure 501: 3 49 0 66 517 60 805 20 268 12 
	-> 12 3 49 
Structure 502: 3 48 22 64 35 2 12 
	-> 12 64 2 3 35 22 
Structure 503: 3 10 86 214 49 64 37 450 2 12 
	-> 12 64 2 3 49 37 
Structure 504: 3 10 662 131 7 64 18 2 12 
	-> 12 64 2 3 
Structure 505: 4 83 645 0 286 60 20 268 239 12 
	-> 12 
Structure 506: 54 149 4 49 64 37 2 13 
	-> 64 2 49 37 
Structure 507: 147 48 205 316 21 38 61 20 477 159 448 2 
	-> 2 
Structure 508: 3 52 136 7 842 64 35 157 12 
	-> 12 64 3 35 
Structure 509: 30 4 81 119 294 805 20 268 2 12 
	-> 12 2 
Structure 510: 414 90 131 7 64 35 255 159 2 12 
	-> 12 64 2 35 
Structure 511: 3 87 48 0 503 20 272 157 
	-> 3 
Structure 512: 3 52 49 22 120 64 35 2 12 
	-> 12 64 2 3 35 49 22 
Structure 513: 30 4 49 0 66 286 60 20 272 12 
	-> 12 49 
Structure 514: 3 87 49 22 185 64 35 2 12 
	-> 12 64 2 3 35 49 22 
Structure 515: 3 87 7 0 60 20 268 12 
	-> 12 3 
Structure 516: 3 10 86 48 64 18 2 12 
	-> 12 64 2 3 
Structure 517: 30 4 49 627 303 64 37 159 2 12 12 
	-> 12 64 2 49 37 
Structure 518: 4 49 0 66 64 35 160 13 
	-> 64 35 49 
Structure 519: 3 376 49 0 517 64 35 160 12 
	-> 12 64 3 35 49 
Structure 520: 3 87 48 611 22 64 35 2 12 
	-> 12 64 2 3 35 22 
Structure 521: 3 87 48 205 120 64 37 2 12 
	-> 12 64 2 3 37 
Structure 522: 3 49 0 66 64 37 12 
	-> 12 64 3 49 37 
Structure 523: 3 52 136 49 22 120 64 35 157 12 
	-> 12 64 3 35 49 22 
Structure 524: 3 661 7 0 66 517 60 20 268 12 
	-> 12 3 
Structure 525: 418 30 142 49 305 185 63 18 2 
	-> 2 49 
Structure 526: 30 4 49 64 35 159 2 12 
	-> 12 64 2 35 49 
Structure 527: 414 90 49 21 38 64 37 255 159 2 
	-> 64 2 49 37 
Structure 528: 3 10 86 48 611 64 35 985 2 12 
	-> 12 64 2 3 35 
Structure 529: 11 51 903 7 120 64 37 2 12 
	-> 12 64 2 37 
Structure 530: 3 9 82 134 7 20 268 2 12 
	-> 12 2 3 
Structure 531: 3 87 131 7 64 35 2 12 
	-> 12 64 2 3 35 
Structure 532: 414 90 80 351 316 21 38 64 35 255 159 2 
	-> 64 2 35 
Structure 533: 3 49 64 37 2 12 
	-> 12 64 2 3 49 37 
Structure 534: 3 87 78 22 306 303 64 35 2 752 237 
	-> 64 2 3 35 22 
Structure 535: 3 87 78 22 120 64 35 2 12 
	-> 12 64 2 3 35 22 
Structure 536: 3 52 136 49 22 120 64 37 12 
	-> 12 64 3 49 22 37 
Structure 537: 30 90 662 46 7 0 60 805 20 268 12 
	-> 12 
Structure 538: 25 128 330 64 35 2 12 
	-> 12 64 2 35 
Structure 539: 3 10 86 48 611 64 37 995 2 12 
	-> 12 64 2 3 37 
Structure 540: 3 87 49 0 66 64 37 12 
	-> 12 64 3 49 37 
Structure 541: 3 9 48 611 40 64 37 2 12 
	-> 12 64 2 3 37 
Structure 542: 415 406 387 11 51 48 611 0 286 60 20 268 152 
	-> 
Structure 543: 30 10 86 48 611 64 18 159 2 12 
	-> 12 64 2 
Structure 544: 11 51 49 22 120 64 37 2 12 
	-> 12 64 2 49 22 37 
Structure 545: 3 9 49 64 37 2 12 
	-> 12 64 2 3 49 37 
Structure 546: 3 52 136 49 22 120 64 35 157 12 
	-> 12 64 3 35 49 22 
Structure 547: 3 9 7 64 35 2 12 
	-> 12 64 2 3 35 
Structure 548: 663 51 49 22 120 63 35 157 12 
	-> 12 35 49 22 
Structure 549: 3 662 903 7 0 64 37 160 12 
	-> 12 64 3 37 
Structure 550: 149 4 48 611 63 35 257 159 2 12 
	-> 12 2 35 
Structure 551: 3 52 136 640 7 120 64 37 160 12 
	-> 12 64 3 37 
Structure 552: 3 52 83 903 24 68 119 18 2 12 
	-> 12 2 3 
Structure 553: 695 11 51 48 611 0 60 805 20 268 12 
	-> 12 
Structure 554: 3 52 136 49 22 185 64 35 157 12 
	-> 12 64 3 35 49 22 
Structure 555: 30 698 230 25 7 64 37 2 12 
	-> 12 64 2 37 
Structure 556: 3 48 621 22 120 64 37 2 12 
	-> 12 64 2 3 22 37 
Structure 557: 3 52 136 49 22 302 117 62 498 12 
	-> 12 3 49 22 
Structure 558: 412 145 4 49 113 64 36 18 2 12 
	-> 12 64 2 49 
Structure 559: 3 9 48 611 40 64 35 2 12 
	-> 12 64 2 3 35 
Structure 560: 30 4 49 120 64 35 2 12 
	-> 12 64 2 35 49 
Structure 561: 4 49 1 64 35 2 92 238 
	-> 64 2 35 49 
Structure 562: 54 28 87 131 7 64 35 2 12 
	-> 12 64 2 35 
Structure 563: 3 87 49 22 185 64 37 2 12 
	-> 12 64 2 3 49 22 37 
Structure 564: 3 52 136 636 599 7 119 294 20 268 12 
	-> 12 3 
Structure 565: 3 686 10 367 360 48 611 64 35 2 12 
	-> 12 64 2 3 35 
Structure 566: 3 52 136 49 22 64 37 157 12 
	-> 12 64 3 49 22 37 
Structure 567: 3 901 7 0 66 517 64 37 160 12 
	-> 12 64 3 37 
Structure 568: 3 52 49 900 22 306 182 62 2 12 
	-> 12 2 3 49 22 
Structure 569: 149 4 49 38 64 37 97 249 94 
	-> 64 49 37 
Structure 570: 3 87 49 0 64 37 12 
	-> 12 64 3 49 37 
Structure 571: 412 145 4 49 290 64 36 18 2 12 
	-> 12 64 2 49 
Structure 572: 3 52 49 22 120 64 35 2 12 
	-> 12 64 2 3 35 49 22 
Structure 573: 3 214 49 0 60 20 268 12 
	-> 12 3 49 
Structure 574: 145 4 78 114 61 20 268 159 448 2 
	-> 2 
Structure 575: 414 90 49 298 114 64 35 255 159 2 
	-> 64 2 35 49 
Structure 576: 3 10 86 913 49 64 37 450 2 238 
	-> 64 2 3 49 37 
Structure 577: 3 10 86 78 64 35 159 2 12 
	-> 12 64 2 3 35 
Structure 578: 3 4 49 842 64 35 159 448 2 12 
	-> 12 64 2 3 35 49 
Structure 579: 3 376 49 0 517 60 20 268 12 
	-> 12 3 49 
Structure 580: 3 78 620 0 66 64 35 12 
	-> 12 64 3 35 
Structure 581: 30 142 9 214 49 303 64 37 266 2 12 
	-> 12 64 2 49 37 
Structure 582: 4 49 0 64 37 12 
	-> 12 64 49 37 
Structure 583: 423 387 11 51 49 22 303 63 35 2 12 
	-> 12 2 35 49 22 
Structure 584: 3 49 0 66 517 64 35 12 
	-> 12 64 3 35 49 
Structure 585: 3 9 214 49 64 35 2 12 
	-> 12 64 2 3 35 49 
Structure 586: 3 52 136 49 22 119 294 20 272 157 12 
	-> 12 3 49 22 
Structure 587: 3 87 49 22 120 64 37 166 2 12 
	-> 12 64 2 3 49 22 37 
Structure 588: 3 9 48 611 120 112 35 2 12 
	-> 12 2 3 35 
Structure 589: 3 52 903 7 297 35 2 12 
	-> 12 2 3 35 
Structure 590: 414 90 49 316 21 38 64 37 995 2 92 
	-> 64 2 49 37 
Structure 591: 3 662 78 22 120 64 35 2 12 
	-> 12 64 2 3 35 22 
Structure 592: 3 52 136 49 22 64 35 157 12 
	-> 12 64 3 35 49 22 
Structure 593: 3 78 0 60 20 12 
	-> 12 3 
Structure 594: 3 10 86 913 78 64 35 450 2 12 
	-> 12 64 2 3 35 
Structure 595: 3 52 214 49 120 64 37 2 12 
	-> 12 64 2 3 49 37 
Structure 596: 30 10 86 48 64 36 18 2 12 
	-> 12 64 2 
Structure 597: 412 145 4 48 611 64 36 18 2 237 
	-> 64 2 
Structure 598: 3 228 48 611 0 60 20 268 12 
	-> 12 3 
Structure 599: 3 214 49 0 66 64 37 12 
	-> 12 64 3 49 37 
Structure 600: 3 9 49 20 2 12 
	-> 12 2 3 49 
Structure 601: 54 28 24 68 297 35 2 12 
	-> 12 2 35 
Structure 602: 3 228 49 0 64 35 157 12 
	-> 12 64 3 35 49 
Structure 603: 418 30 4 78 64 37 159 2 
	-> 64 2 37 
Structure 604: 387 11 51 49 22 120 63 18 2 
	-> 2 49 22 
Structure 605: 418 412 145 4 87 78 64 35 255 159 448 2 12 
	-> 12 64 2 35 
Structure 606: 3 49 0 66 112 20 268 160 12 
	-> 12 3 49 
Structure 607: 423 53 217 25 7 0 64 18 
	-> 64 
Structure 608: 414 90 214 49 21 298 114 64 35 255 159 2 
	-> 64 2 35 49 
Structure 609: 3 87 49 22 120 64 35 2 12 
	-> 12 64 2 3 35 49 22 
Structure 610: 3 214 49 0 64 35 12 
	-> 12 64 3 35 49 
Structure 611: 3 87 48 22 120 64 35 2 12 
	-> 12 64 2 3 35 22 
Structure 612: 3 87 48 205 0 64 35 157 12 
	-> 12 64 3 35 
Structure 613: 149 4 87 49 64 35 2 13 
	-> 64 2 35 49 
Structure 614: 3 52 86 48 603 64 37 268 2 12 
	-> 12 64 2 3 37 
Structure 615: 3 87 49 22 120 64 37 2 12 
	-> 12 64 2 3 49 22 37 
Structure 616: 3 52 49 22 303 64 35 2 12 
	-> 12 64 2 3 35 49 22 
Structure 617: 30 4 49 0 66 64 37 472 12 
	-> 12 64 49 37 
Structure 618: 3 52 48 611 22 120 64 35 2 12 
	-> 12 64 2 3 35 22 
Structure 619: 30 145 4 49 64 36 5 162 12 
	-> 12 64 49 
Structure 620: 3 52 136 48 611 22 306 303 64 35 157 12 
	-> 12 64 3 35 22 
Structure 621: 3 87 7 118 291 20 477 2 12 
	-> 12 2 3 
Structure 622: 418 149 4 49 64 35 255 159 2 12 
	-> 12 64 2 35 49 
Structure 623: 3 52 136 48 22 120 64 37 157 12 
	-> 12 64 3 22 37 
Structure 624: 3 219 214 49 611 0 66 64 37 472 12 
	-> 12 64 3 49 37 
Structure 625: 3 51 49 22 120 64 35 2 12 
	-> 12 64 2 3 35 49 22 
Structure 626: 414 90 49 316 21 38 61 20 477 159 2 
	-> 2 49 
Structure 627: 3 9 77 7 64 272 2 12 
	-> 12 64 2 3 
Structure 628: 3 903 7 0 517 64 18 
	-> 64 3 
Structure 629: 3 230 49 0 60 1006 20 268 12 
	-> 12 3 49 
Structure 630: 412 145 4 49 64 271 991 33 57 159 2 
	-> 64 2 49 
Structure 631: 3 52 136 49 22 302 117 62 498 12 
	-> 12 3 49 22 
Structure 632: 148 28 903 7 303 63 35 93 31 
	-> 35 
Structure 633: 423 662 25 7 64 35 2 12 
	-> 12 64 2 35 
Structure 634: 3 52 136 7 119 294 35 157 12 
	-> 12 3 35 
Structure 635: 149 4 49 38 61 20 268 159 448 2 
	-> 2 49 
Structure 636: 4 83 901 119 294 19 5 162 160 12 
	-> 12 
Structure 637: 3 9 82 134 7 120 20 268 2 12 
	-> 12 2 3 
Structure 638: 3 9 7 64 18 155 244 12 
	-> 12 64 3 
Structure 639: 30 86 48 611 64 37 159 2 12 
	-> 12 64 2 37 
Structure 640: 3 10 367 360 49 64 37 2 12 
	-> 12 64 2 3 49 37 
Structure 641: 4 87 48 205 0 66 64 35 12 
	-> 12 64 35 
Structure 642: 3 228 49 0 60 503 20 268 12 
	-> 12 3 49 
Structure 643: 414 90 49 316 21 38 61 503 20 268 2 
	-> 2 49 
Structure 644: 3 52 48 621 22 120 64 37 2 12 
	-> 12 64 2 3 22 37 
Structure 645: 3 386 219 214 49 115 515 20 268 2 12 
	-> 12 2 3 49 
Structure 646: 414 90 48 316 21 38 64 35 159 2 
	-> 64 2 35 
Structure 647: 3 4 48 611 120 64 36 35 2 12 
	-> 12 64 2 3 35 
Structure 648: 145 4 87 49 112 19 35 2 13 
	-> 2 35 49 
Structure 649: 149 4 49 292 113 64 35 2 12 
	-> 12 64 2 35 49 
Structure 650: 3 51 78 22 185 64 37 2 12 
	-> 12 64 2 3 22 37 
Structure 651: 414 90 78 21 38 61 37 159 2 
	-> 2 37 
Structure 652: 3 228 49 0 66 517 60 20 477 12 
	-> 12 3 49 
Structure 653: 30 90 78 303 64 35 159 2 12 
	-> 12 64 2 35 
Structure 654: 3 52 78 22 306 303 64 37 2 12 
	-> 12 64 2 3 22 37 
Structure 655: 3 52 49 22 120 18 2 12 
	-> 12 2 3 49 22 
Structure 656: 11 51 49 22 64 37 12 
	-> 12 64 49 22 37 
Structure 657: 3 87 46 7 0 60 1006 20 268 12 
	-> 12 3 
Structure 658: 3 686 373 84 652 49 503 20 12 
	-> 12 3 49 
Structure 659: 3 51 49 0 517 64 35 12 
	-> 12 64 3 35 49 
Structure 660: 4 48 603 64 36 35 2 2 756 12 
	-> 12 64 2 35 
Structure 661: 3 52 78 22 120 64 37 2 12 
	-> 12 64 2 3 22 37 
Structure 662: 416 3 686 87 78 0 66 64 35 160 
	-> 64 3 35 
Structure 663: 4 87 48 621 21 298 114 64 35 255 159 2 
	-> 64 2 35 
Structure 664: 3 52 83 903 23 119 294 35 2 12 
	-> 12 2 3 35 
Structure 665: 3 52 48 205 120 64 37 2 12 
	-> 12 64 2 3 37 
Structure 666: 3 87 48 611 22 120 64 35 2 12 
	-> 12 64 2 3 35 22 
Structure 667: 3 87 48 22 120 64 35 2 12 
	-> 12 64 2 3 35 22 
Structure 668: 3 52 48 22 120 64 37 2 12 
	-> 12 64 2 3 22 37 
Structure 669: 3 662 351 7 0 517 60 20 268 12 
	-> 12 3 
Structure 670: 418 30 4 671 662 48 611 64 37 159 2 12 
	-> 12 64 2 37 
Structure 671: 3 662 621 7 0 60 503 20 268 12 
	-> 12 3 
Structure 672: 3 52 84 49 22 120 64 35 12 
	-> 12 64 3 35 49 22 
Structure 673: 3 9 49 68 119 294 35 2 12 
	-> 12 2 3 35 49 
Structure 674: 3 52 136 7 303 63 35 157 12 
	-> 12 3 35 
Structure 675: 4 49 21 38 64 35 159 448 2 
	-> 64 2 35 49 
Structure 676: 4 49 298 114 61 814 19 37 2 
	-> 2 49 37 
Structure 677: 418 30 4 87 49 0 66 286 60 1006 20 268 
	-> 49 
Structure 678: 414 90 49 316 21 38 64 35 2 92 
	-> 64 2 35 49 
Structure 679: 3 230 49 0 66 64 35 158 12 
	-> 12 64 3 35 49 
Structure 680: 149 4 87 49 64 36 18 2 12 
	-> 12 64 2 49 
Structure 681: 3 52 48 611 22 306 182 63 2 12 
	-> 12 2 3 22 
Structure 682: 30 87 48 205 0 66 64 37 12 
	-> 12 64 37 
Structure 683: 3 52 136 80 351 22 185 64 35 157 12 
	-> 12 64 3 35 22 
Structure 684: 3 219 214 49 0 66 64 35 160 12 
	-> 12 64 3 35 49 
Structure 685: 3 86 48 64 35 2 12 
	-> 12 64 2 3 35 
Structure 686: 3 87 48 603 22 306 64 35 2 12 
	-> 12 64 2 3 35 22 
Structure 687: 423 4 49 0 64 18 160 12 
	-> 12 64 49 
Structure 688: 30 4 78 0 64 37 157 12 
	-> 12 64 37 
Structure 689: 3 9 214 49 120 64 37 94 12 
	-> 12 64 3 49 37 
Structure 690: 149 4 87 78 64 36 18 2 12 
	-> 12 64 2 
Structure 691: 3 4 49 0 60 1006 20 796 268 12 
	-> 12 3 49 
Structure 692: 3 87 48 620 0 66 64 35 12 
	-> 12 64 3 35 
Structure 693: 412 4 49 64 165 18 2 
	-> 64 2 49 
Structure 694: 3 87 78 0 60 1006 20 268 12 
	-> 12 3 
Structure 695: 414 90 49 21 298 114 64 35 97 95 2 
	-> 64 2 35 49 
Structure 696: 3 86 48 205 64 165 35 2 12 
	-> 12 64 2 3 35 
Structure 697: 414 968 90 48 205 21 38 64 35 255 159 448 2 
	-> 64 2 35 
Structure 698: 3 52 136 49 22 120 64 35 157 12 
	-> 12 64 3 35 49 22 
Structure 699: 3 52 136 49 22 185 64 35 12 
	-> 12 64 3 35 49 22 
Structure 700: 414 90 78 316 21 38 821 64 35 255 450 2 
	-> 64 2 35 
Structure 701: 3 52 48 205 64 18 2 12 
	-> 12 64 2 3 
Structure 702: 3 9 48 205 120 64 35 2 12 
	-> 12 64 2 3 35 
Structure 703: 3 52 136 49 22 120 64 35 157 12 
	-> 12 64 3 35 49 22 
Structure 704: 3 9 82 134 7 303 35 2 12 
	-> 12 2 3 35 
Structure 705: 3 52 136 647 636 202 7 64 37 12 
	-> 12 64 3 37 
Structure 706: 147 49 316 21 38 64 37 159 2 
	-> 64 2 49 37 
Structure 707: 30 145 4 87 49 64 35 159 2 12 
	-> 12 64 2 35 49 
Structure 708: 3 87 49 0 64 18 160 12 
	-> 12 64 3 49 
Structure 709: 149 4 49 291 19 35 2 756 12 
	-> 12 2 35 49 
Structure 710: 4 83 903 298 114 64 36 35 2 
	-> 64 2 35 
Structure 711: 3 51 49 303 64 35 2 12 
	-> 12 64 2 3 35 49 
Structure 712: 3 368 7 303 64 35 2 12 
	-> 12 64 2 3 35 
Structure 713: 11 51 48 611 0 64 37 12 
	-> 12 64 37 
Structure 714: 3 9 48 64 37 2 12 
	-> 12 64 2 3 37 
Structure 715: 30 142 9 49 37 2 12 
	-> 12 2 49 37 
Structure 716: 3 9 82 134 7 35 2 12 
	-> 12 2 3 35 
Structure 717: 3 230 48 205 22 306 303 64 35 2 12 
	-> 12 64 2 3 35 22 
Structure 718: 412 145 4 87 78 38 64 35 256 97 249 
	-> 64 35 
Structure 719: 414 90 25 7 0 64 37 12 
	-> 12 64 37 
Structure 720: 3 52 78 22 64 35 2 12 
	-> 12 64 2 3 35 22 
Structure 721: 414 90 49 316 21 298 114 176 61 35 159 2 
	-> 2 35 49 
Structure 722: 3 51 49 40 64 35 2 12 
	-> 12 64 2 3 35 49 
Structure 723: 30 87 48 205 0 64 35 157 12 
	-> 12 64 35 
Structure 724: 3 9 48 611 120 64 37 2 12 
	-> 12 64 2 3 37 
Structure 725: 414 90 49 900 21 38 821 64 35 255 159 2 
	-> 64 2 35 49 
Structure 726: 3 52 136 48 611 22 64 35 12 
	-> 12 64 3 35 22 
Structure 727: 3 87 25 7 0 66 20 268 160 12 
	-> 12 3 
Structure 728: 3 52 136 48 205 303 35 98 158 12 
	-> 12 3 35 
Structure 729: 138 913 49 21 38 821 64 269 35 255 159 2 
	-> 64 2 35 49 
Structure 730: 412 145 4 49 64 991 33 57 159 448 2 
	-> 64 2 49 
Structure 731: 3 52 49 22 120 64 35 2 12 
	-> 12 64 2 3 35 49 22 
Structure 732: 3 9 49 303 64 35 2 
	-> 64 2 3 35 49 
Structure 733: 3 49 22 120 64 18 2 12 
	-> 12 64 2 3 49 22 
Structure 734: 30 145 4 87 48 611 64 37 159 2 12 
	-> 12 64 2 37 
Structure 735: 30 4 87 78 0 66 64 35 160 12 
	-> 12 64 35 
Structure 736: 3 10 360 48 611 64 35 450 2 12 
	-> 12 64 2 3 35 
Structure 737: 3 87 48 611 0 60 805 20 268 12 12 
	-> 12 3 
Structure 738: 3 52 136 48 205 22 185 63 35 12 
	-> 12 3 35 22 
Structure 739: 3 87 903 7 0 515 20 268 157 12 
	-> 12 3 
Structure 740: 3 9 48 40 64 35 2 12 
	-> 12 64 2 3 35 
Structure 741: 3 52 49 22 185 64 35 2 12 
	-> 12 64 2 3 35 49 22 
Structure 742: 3 87 903 7 120 64 35 2 12 
	-> 12 64 2 3 35 
Structure 743: 3 87 903 7 0 66 517 64 35 12 
	-> 12 64 3 35 
Structure 744: 3 87 49 64 37 450 2 12 
	-> 12 64 2 3 49 37 
Structure 745: 414 90 7 61 19 35 2 12 
	-> 12 2 35 
Structure 746: 412 145 4 87 48 205 113 64 35 2 
	-> 64 2 35 
Structure 747: 3 52 49 22 185 64 35 2 12 
	-> 12 64 2 3 35 49 22 
Structure 748: 3 10 367 131 7 64 35 450 2 12 
	-> 12 64 2 3 35 
Structure 749: 3 52 136 49 22 64 37 157 12 
	-> 12 64 3 49 22 37 
Structure 750: 3 219 913 78 0 60 20 268 12 
	-> 12 3 
Structure 751: 3 52 214 49 120 64 35 2 12 
	-> 12 64 2 3 35 49 
Structure 752: 3 4 49 120 64 35 159 2 12 
	-> 12 64 2 3 35 49 
Structure 753: 3 10 367 358 49 64 35 2 12 
	-> 12 64 2 3 35 49 
Structure 754: 30 960 10 86 48 205 19 35 2 12 
	-> 12 2 35 
Structure 755: 412 145 4 49 290 64 37 159 2 12 
	-> 12 64 2 49 37 
Structure 756: 3 52 136 7 118 291 20 796 268 157 12 
	-> 12 3 
Structure 757: 30 4 87 48 611 64 37 159 2 12 
	-> 12 64 2 37 
Structure 758: 3 10 367 86 913 78 64 37 472 2 12 
	-> 12 64 2 3 37 
Structure 759: 30 145 4 49 64 35 159 2 12 
	-> 12 64 2 35 49 
Structure 760: 423 695 86 48 205 64 36 35 2 12 
	-> 12 64 2 35 
Structure 761: 145 4 49 38 64 35 255 159 448 2 
	-> 64 2 35 49 
Structure 762: 3 87 49 0 66 60 20 268 12 
	-> 12 3 49 
Structure 763: 423 4 49 0 503 20 268 157 12 
	-> 12 49 
Structure 764: 3 52 136 48 205 40 64 37 160 12 
	-> 12 64 3 37 
Structure 765: 3 662 131 7 64 35 2 12 
	-> 12 64 2 3 35 
Structure 766: 3 52 49 22 64 18 2 12 
	-> 12 64 2 3 49 22 
Structure 767: 3 10 360 48 611 64 35 2 12 
	-> 12 64 2 3 35 
Structure 768: 3 9 7 118 291 35 2 12 
	-> 12 2 3 35 
Structure 769: 30 87 25 7 0 64 35 12 
	-> 12 64 35 
Structure 770: 3 9 49 120 64 35 2 12 
	-> 12 64 2 3 35 49 
Structure 771: 149 4 671 49 64 36 18 2 756 12 
	-> 12 64 2 49 
Structure 772: 3 87 7 303 64 35 450 2 12 
	-> 12 64 2 3 35 
Structure 773: 414 90 76 7 303 64 18 2 13 753 
	-> 64 2 
Structure 774: 3 52 86 48 64 35 2 12 
	-> 12 64 2 3 35 
Structure 775: 3 87 48 611 0 66 64 35 160 12 
	-> 12 64 3 35 
Structure 776: 3 662 7 0 66 64 37 12 
	-> 12 64 3 37 
Structure 777: 30 90 662 46 7 303 63 35 2 12 
	-> 12 2 35 
Structure 778: 3 368 7 0 64 18 157 12 
	-> 12 64 3 
Structure 779: 149 4 49 64 35 255 159 2 12 
	-> 12 64 2 35 49 
Structure 780: 3 52 86 48 205 291 20 268 2 12 
	-> 12 2 3 
Structure 781: 4 49 0 64 37 753 
	-> 64 49 37 
Structure 782: 3 87 48 0 66 517 64 37 160 12 
	-> 12 64 3 37 
Structure 783: 30 4 49 64 35 2 12 
	-> 12 64 2 35 49 
Structure 784: 414 90 49 1 64 36 18 2 
	-> 64 2 49 
Structure 785: 230 78 316 21 38 64 37 159 2 
	-> 64 2 37 
Structure 786: 3 48 205 22 185 64 35 2 12 
	-> 12 64 2 3 35 22 
Structure 787: 149 4 49 64 269 35 159 2 12 
	-> 12 64 2 35 49 
Structure 788: 149 4 87 49 64 36 35 2 13 
	-> 64 2 35 49 
Structure 789: 3 51 49 119 20 268 2 12 
	-> 12 2 3 49 
Structure 790: 3 52 136 7 303 64 35 157 12 
	-> 12 64 3 35 
Structure 791: 3 686 10 86 48 205 64 35 2 12 
	-> 12 64 2 3 35 
Structure 792: 3 52 136 49 1034 22 120 64 18 157 12 
	-> 12 64 3 49 22 
Structure 793: 3 87 48 611 22 120 64 35 2 12 
	-> 12 64 2 3 35 22 
Structure 794: 414 968 90 25 7 0 64 35 12 
	-> 12 64 35 
Structure 795: 3 78 0 20 268 98 12 
	-> 12 3 
Structure 796: 3 52 136 49 22 64 37 157 12 
	-> 12 64 3 49 22 37 
Structure 797: 4 48 611 21 298 114 64 35 255 159 2 
	-> 64 2 35 
Structure 798: 3 230 78 0 64 37 157 12 12 
	-> 12 64 3 37 
Structure 799: 3 52 136 647 636 7 119 294 105 35 12 
	-> 12 3 35 
Structure 800: 3 52 49 40 64 37 2 12 
	-> 12 64 2 3 49 37 
Structure 801: 3 52 136 49 627 22 120 64 35 157 12 
	-> 12 64 3 35 49 22 
Structure 802: 3 87 48 205 0 64 18 157 12 
	-> 12 64 3 
Structure 803: 30 4 49 303 64 18 159 448 2 12 
	-> 12 64 2 49 
Structure 804: 3 52 136 78 22 120 64 35 157 12 
	-> 12 64 3 35 22 
Structure 805: 3 230 78 0 66 64 35 12 
	-> 12 64 3 35 
Structure 806: 408 11 51 7 0 66 64 35 12 
	-> 12 64 35 
Structure 807: 3 52 136 49 22 120 64 37 
	-> 64 3 49 22 37 
Structure 808: 3 52 49 22 64 35 2 12 
	-> 12 64 2 3 35 49 22 
Structure 809: 30 4 662 48 205 0 517 60 805 20 268 12 
	-> 12 
Structure 810: 414 90 48 316 21 38 821 64 18 2 
	-> 64 2 
Structure 811: 723 29 679 660 0 64 35 157 12 
	-> 12 64 35 
Structure 812: 3 87 48 0 66 64 35 160 12 
	-> 12 64 3 35 
Structure 813: 3 52 136 48 611 22 120 64 37 157 12 
	-> 12 64 3 22 37 
Structure 814: 423 230 51 913 78 0 64 35 160 12 
	-> 12 64 35 
Structure 815: 149 4 49 64 35 255 159 448 2 12 
	-> 12 64 2 35 49 
Structure 816: 30 3 9 48 611 68 119 294 20 268 2 12 
	-> 12 2 3 
Structure 817: 3 52 84 48 611 22 120 64 37 12 
	-> 12 64 3 22 37 
Structure 818: 30 4 49 0 64 37 157 12 
	-> 12 64 49 37 
Structure 819: 423 87 48 205 21 38 64 35 255 159 2 
	-> 64 2 35 
Structure 820: 405 230 48 21 298 114 64 35 159 448 2 
	-> 64 2 35 
Structure 821: 3 52 49 22 306 117 180 64 272 2 12 
	-> 12 64 2 3 49 22 
Structure 822: 3 52 136 216 49 120 64 18 160 12 
	-> 12 64 3 49 
Structure 823: 412 145 4 49 64 35 2 13 753 
	-> 64 2 35 49 
Structure 824: 3 52 78 22 854 64 35 2 12 
	-> 12 64 2 3 35 22 
Structure 825: 3 87 78 22 120 64 35 2 12 
	-> 12 64 2 3 35 22 
Structure 826: 3 10 86 48 611 64 35 2 12 
	-> 12 64 2 3 35 
Structure 827: 387 11 51 49 22 120 64 37 2 
	-> 64 2 49 22 37 
Structure 828: 3 52 662 48 205 22 64 35 2 12 
	-> 12 64 2 3 35 22 
Structure 829: 3 87 903 7 64 37 2 12 
	-> 12 64 2 3 37 
Structure 830: 3 51 49 40 64 18 2 12 
	-> 12 64 2 3 49 
Structure 831: 423 11 51 78 22 306 119 294 20 268 2 12 
	-> 12 2 22 
Structure 832: 3 52 136 49 120 64 37 12 
	-> 12 64 3 49 37 
Structure 833: 3 52 136 49 22 120 64 37 12 
	-> 12 64 3 49 22 37 
Structure 834: 3 87 48 611 0 66 64 18 160 12 
	-> 12 64 3 
Structure 835: 3 52 649 7 64 37 2 12 
	-> 12 64 2 3 37 
Structure 836: 3 52 49 22 120 64 37 472 2 12 
	-> 12 64 2 3 49 22 37 
Structure 837: 30 4 49 0 64 35 157 12 
	-> 12 64 35 49 
Structure 838: 414 90 211 638 7 298 114 64 36 35 2 
	-> 64 2 35 
Structure 839: 414 90 49 316 21 38 64 35 97 2 
	-> 64 2 35 49 
Structure 840: 3 10 86 48 205 64 35 2 12 
	-> 12 64 2 3 35 
Structure 841: 412 145 4 662 48 611 64 36 18 2 
	-> 64 2 
Structure 842: 3 87 48 22 185 64 35 2 12 
	-> 12 64 2 3 35 22 
Structure 843: 3 52 48 22 64 37 2 12 
	-> 12 64 2 3 22 37 
Structure 844: 3 52 48 611 22 64 35 2 
	-> 64 2 3 35 22 
Structure 845: 3 52 49 22 185 64 35 2 12 
	-> 12 64 2 3 35 49 22 
Structure 846: 3 52 49 22 303 64 35 2 12 
	-> 12 64 2 3 35 49 22 
Structure 847: 3 52 136 49 120 64 37 98 158 12 
	-> 12 64 3 49 37 
Structure 848: 418 149 4 49 63 18 255 159 2 12 
	-> 12 2 49 
Structure 849: 3 228 78 22 64 35 2 12 
	-> 12 64 2 3 35 22 
Structure 850: 416 3 28 660 131 7 64 18 2 
	-> 64 2 3 
Structure 851: 3 87 48 205 0 66 517 63 18 160 12 
	-> 12 3 
Structure 852: 3 10 86 49 64 37 2 2 12 
	-> 12 64 2 3 49 37 
Structure 853: 3 10 86 48 620 64 35 450 2 12 
	-> 12 64 2 3 35 
Structure 854: 3 87 48 22 120 64 37 2 12 
	-> 12 64 2 3 22 37 
Structure 855: 414 90 49 316 21 38 64 35 255 159 2 
	-> 64 2 35 49 
Structure 856: 4 930 83 903 298 114 64 18 159 2 
	-> 64 2 
Structure 857: 3 3 10 86 48 611 64 37 2 12 
	-> 12 64 2 3 37 
Structure 858: 3 9 49 64 35 2 12 
	-> 12 64 2 3 35 49 
Structure 859: 30 4 49 0 66 517 64 35 12 
	-> 12 64 35 49 
Structure 860: 3 49 22 64 35 2 12 
	-> 12 64 2 3 35 49 22 
Structure 861: 3 52 48 611 22 120 64 37 2 12 
	-> 12 64 2 3 22 37 
Structure 862: 3 52 136 640 48 611 40 64 37 160 12 
	-> 12 64 3 37 
Structure 863: 3 219 214 49 0 517 64 35 160 12 
	-> 12 64 3 35 49 
Structure 864: 416 3 4 49 0 60 805 20 268 
	-> 3 49 
Structure 865: 3 52 136 48 611 22 120 64 35 12 
	-> 12 64 3 35 22 
Structure 866: 3 49 22 120 64 37 2 12 
	-> 12 64 2 3 49 22 37 
Structure 867: 3 52 214 49 112 59 270 35 160 12 
	-> 12 3 35 49 
Structure 868: 3 87 49 22 120 64 35 2 12 
	-> 12 64 2 3 35 49 22 
Structure 869: 3 9 48 205 120 64 37 2 12 
	-> 12 64 2 3 37 
Structure 870: 3 87 7 64 18 985 2 12 
	-> 12 64 2 3 
Structure 871: 49 315 303 171 19 35 2 12 
	-> 12 2 35 49 
Structure 872: 30 4 48 611 64 37 159 2 12 
	-> 12 64 2 37 
Structure 873: 3 87 78 0 66 64 35 157 
	-> 64 3 35 
Structure 874: 3 228 49 22 120 63 18 2 12 
	-> 12 2 3 49 22 
Structure 875: 149 4 49 64 35 159 2 756 12 
	-> 12 64 2 35 49 
Structure 876: 3 87 48 0 66 64 37 12 
	-> 12 64 3 37 
Structure 877: 3 9 48 611 64 37 2 12 
	-> 12 64 2 3 37 
Structure 878: 3 52 78 22 64 18 2 12 
	-> 12 64 2 3 22 
Structure 879: 3 230 46 131 7 64 37 2 12 
	-> 12 64 2 3 37 
Structure 880: 3 10 86 48 64 35 2 12 
	-> 12 64 2 3 35 
Structure 881: 3 52 49 22 120 63 35 2 12 
	-> 12 2 3 35 49 22 
Structure 882: 49 21 38 61 20 268 2 
	-> 2 49 
Structure 883: 414 90 912 46 7 0 60 805 20 268 12 
	-> 12 
Structure 884: 414 90 46 7 0 66 286 20 268 13 
	-> 
Structure 885: 414 90 49 1 1 291 20 268 255 159 2 153 
	-> 2 49 
Structure 886: 414 90 78 1 64 37 255 159 448 2 
	-> 64 2 37 
Structure 887: 3 52 49 22 120 64 35 12 
	-> 12 64 3 35 49 22 
Structure 888: 3 230 46 7 0 60 20 268 12 
	-> 12 3 
Structure 889: 3 52 49 22 120 64 35 2 12 
	-> 12 64 2 3 35 49 22 
Structure 890: 3 87 48 611 0 286 805 20 268 12 
	-> 12 3 
Structure 891: 423 11 49 22 309 119 294 20 268 2 12 
	-> 12 2 49 22 
Structure 892: 3 87 46 603 24 857 119 294 37 2 12 
	-> 12 2 3 37 
Structure 893: 149 4 49 292 290 64 35 255 159 2 12 
	-> 12 64 2 35 49 
Structure 894: 3 10 83 903 323 64 37 450 2 12 
	-> 12 64 2 3 37 
Structure 895: 745 414 90 49 1 1 64 35 255 159 448 2 
	-> 64 2 35 49 
Structure 896: 3 660 7 0 517 64 35 160 12 
	-> 12 64 3 35 
Structure 897: 3 52 78 22 64 37 2 12 
	-> 12 64 2 3 22 37 
Structure 898: 3 9 913 78 120 64 37 2 12 
	-> 12 64 2 3 37 
Structure 899: 30 4 49 120 64 37 472 2 12 
	-> 12 64 2 49 37 
Structure 900: 414 90 49 22 120 64 35 2 31 
	-> 64 2 35 49 22 
Structure 901: 418 30 28 10 661 7 64 35 2 12 
	-> 12 64 2 35 
Structure 902: 4 87 49 21 298 114 64 35 159 2 
	-> 64 2 35 49 
Structure 903: 3 52 49 22 120 64 35 2 12 
	-> 12 64 2 3 35 49 22 
Structure 904: 230 25 7 0 66 517 60 1006 20 268 756 12 
	-> 12 
Structure 905: 30 145 4 49 64 37 159 2 12 
	-> 12 64 2 49 37 
Structure 906: 3 51 78 0 66 517 63 35 12 
	-> 12 3 35 
Structure 907: 3 52 136 78 22 120 64 37 266 
	-> 64 3 22 37 
Structure 908: 3 10 367 913 49 64 35 2 12 
	-> 12 64 2 3 35 49 
Structure 909: 423 4 48 120 64 991 33 57 159 2 
	-> 64 2 
Structure 910: 3 662 48 205 22 120 64 37 2 12 
	-> 12 64 2 3 22 37 
Structure 911: 695 86 48 611 64 36 18 2 12 
	-> 12 64 2 
Structure 912: 3 52 49 22 120 64 37 2 12 
	-> 12 64 2 3 49 22 37 
Structure 913: 3 52 49 22 120 64 35 2 12 
	-> 12 64 2 3 35 49 22 
Structure 914: 414 90 49 22 303 64 35 2 92 12 
	-> 12 64 2 35 49 22 
Structure 915: 3 52 49 22 64 35 2 12 
	-> 12 64 2 3 35 49 22 
Structure 916: 3 660 7 303 64 37 985 2 12 
	-> 12 64 2 3 37 
Structure 917: 3 4 87 48 611 0 66 517 64 35 12 
	-> 12 64 3 35 
Structure 918: 3 10 367 360 48 205 175 284 20 268 2 12 
	-> 12 2 3 
Structure 919: 3 52 49 22 120 63 35 2 12 
	-> 12 2 3 35 49 22 
Structure 920: 3 52 136 49 22 119 294 20 268 157 12 
	-> 12 3 49 22 
Structure 921: 3 51 48 22 185 63 18 2 12 
	-> 12 2 3 22 
Structure 922: 149 4 49 64 473 991 33 57 2 
	-> 64 2 49 
Structure 923: 3 49 22 120 64 37 2 12 
	-> 12 64 2 3 49 22 37 
Structure 924: 412 145 4 87 78 113 64 35 2 238 
	-> 64 2 35 
Structure 925: 3 87 49 0 60 20 268 12 
	-> 12 3 49 
Structure 926: 3 228 78 120 64 37 2 12 
	-> 12 64 2 3 37 
Structure 927: 414 90 901 7 21 288 64 35 159 448 2 
	-> 64 2 35 
Structure 928: 30 4 87 48 0 517 64 37 12 
	-> 12 64 37 
Structure 929: 423 230 51 49 22 117 62 809 2 754 
	-> 2 49 22 
Structure 930: 3 52 363 80 351 22 306 303 64 35 2 12 
	-> 12 64 2 3 35 22 
Structure 931: 3 87 7 120 64 35 2 12 
	-> 12 64 2 3 35 
Structure 932: 3 52 136 49 22 120 64 35 12 
	-> 12 64 3 35 49 22 
Structure 933: 412 145 4 49 61 20 268 159 2 12 
	-> 12 2 49 
Structure 934: 3 48 611 120 64 37 985 2 12 
	-> 12 64 2 3 37 
Structure 935: 230 913 78 21 825 38 61 20 268 159 2 
	-> 2 
Structure 936: 30 4 87 78 627 64 35 159 448 2 2 12 
	-> 12 64 2 35 
Structure 937: 414 90 78 316 21 38 64 35 255 159 448 2 
	-> 64 2 35 
Structure 938: 3 52 136 49 120 64 35 98 158 756 12 
	-> 12 64 3 35 49 
Structure 939: 3 9 26 7 63 157 12 
	-> 12 3 
Structure 940: 3 228 49 303 64 37 2 12 
	-> 12 64 2 3 49 37 
Structure 941: 412 4 48 64 36 18 2 12 
	-> 12 64 2 
Structure 942: 414 90 211 48 0 64 35 157 12 
	-> 12 64 35 
Structure 943: 3 219 214 49 0 64 35 157 12 
	-> 12 64 3 35 49 
Structure 944: 414 90 49 316 21 38 64 18 97 249 
	-> 64 49 
Structure 945: 3 228 48 611 22 120 64 37 2 12 
	-> 12 64 2 3 22 37 
Structure 946: 3 87 49 22 306 182 64 268 2 12 
	-> 12 64 2 3 49 22 
Structure 947: 3 10 367 48 64 35 2 12 
	-> 12 64 2 3 35 
Structure 948: 412 145 4 48 205 64 36 18 2 13 753 
	-> 64 2 
Structure 949: 414 90 49 316 21 114 64 36 18 2 
	-> 64 2 49 
Structure 950: 30 145 4 49 64 37 159 2 12 
	-> 12 64 2 49 37 
Structure 951: 3 52 136 49 22 120 64 37 12 
	-> 12 64 3 49 22 37 
Structure 952: 414 90 49 21 38 64 35 159 2 
	-> 64 2 35 49 
Structure 953: 3 52 48 611 22 306 303 64 35 2 12 
	-> 12 64 2 3 35 22 
Structure 954: 414 90 48 611 0 64 35 160 13 
	-> 64 35 
Structure 955: 412 145 4 87 48 64 35 97 249 94 12 
	-> 12 64 35 
Structure 956: 3 52 136 49 22 120 20 477 157 12 
	-> 12 3 49 22 
Structure 957: 30 87 903 7 0 66 517 64 35 160 12 
	-> 12 64 35 
Structure 958: 414 90 214 49 627 1 63 35 159 2 
	-> 2 35 49 
Structure 959: 149 4 87 48 611 64 35 255 159 2 12 
	-> 12 64 2 35 
Structure 960: 412 145 4 931 27 64 37 255 159 2 12 
	-> 12 64 2 37 
Structure 961: 3 230 86 48 205 64 35 2 12 
	-> 12 64 2 3 35 
Structure 962: 3 228 49 22 64 37 266 2 12 
	-> 12 64 2 3 49 22 37 
Structure 963: 3 51 49 22 185 64 37 2 12 
	-> 12 64 2 3 49 22 37 
Structure 964: 3 10 360 48 64 35 450 2 156 
	-> 64 2 3 35 
Structure 965: 149 4 49 292 113 64 36 35 2 12 
	-> 12 64 2 35 49 
Structure 966: 3 87 48 611 22 185 64 35 2 12 
	-> 12 64 2 3 35 22 
Structure 967: 3 51 49 22 120 64 35 2 12 
	-> 12 64 2 3 35 49 22 
Structure 968: 414 90 7 298 114 61 35 159 2 
	-> 2 35 
Structure 969: 3 52 136 49 22 185 64 35 12 
	-> 12 64 3 35 49 22 
Structure 970: 30 10 86 913 48 611 64 18 774 2 752 237 
	-> 64 2 
Structure 971: 423 387 11 51 48 205 22 185 64 18 2 
	-> 64 2 22 
Structure 972: 3 52 49 1034 22 120 64 35 2 12 
	-> 12 64 2 3 35 49 22 
Structure 973: 3 10 86 48 611 64 35 774 2 12 
	-> 12 64 2 3 35 
Structure 974: 4 49 64 36 18 2 12 
	-> 12 64 2 49 
Structure 975: 30 4 83 903 64 36 35 2 12 
	-> 12 64 2 35 
Structure 976: 3 376 78 0 66 64 35 12 
	-> 12 64 3 35 
Structure 977: 723 29 682 662 6 307 0 60 805 20 268 238 
	-> 
Structure 978: 3 9 83 903 24 68 119 294 37 2 12 
	-> 12 2 3 37 
Structure 979: 3 87 49 22 64 37 166 2 12 
	-> 12 64 2 3 49 22 37 
Structure 980: 3 52 7 64 35 2 12 
	-> 12 64 2 3 35 
Structure 981: 3 52 78 22 120 64 35 2 12 
	-> 12 64 2 3 35 22 
Structure 982: 3 52 136 49 120 64 35 157 12 
	-> 12 64 3 35 49 
Structure 983: 11 51 49 22 120 64 35 2 12 
	-> 12 64 2 35 49 22 
Structure 984: 3 52 136 49 22 303 64 37 12 
	-> 12 64 3 49 22 37 
Structure 985: 3 660 7 0 64 35 98 157 12 
	-> 12 64 3 35 
Structure 986: 3 87 48 611 0 66 64 37 12 
	-> 12 64 3 37 
Structure 987: 3 86 48 611 64 35 2 12 
	-> 12 64 2 3 35 
Structure 988: 3 87 78 0 60 805 20 268 12 
	-> 12 3 
Structure 989: 3 9 131 7 64 35 2 12 
	-> 12 64 2 3 35 
Structure 990: 3 86 48 205 64 18 159 2 12 
	-> 12 64 2 3 
Structure 991: 3 9 48 205 64 18 2 12 
	-> 12 64 2 3 
Structure 992: 235 408 9 903 7 303 64 37 2 12 
	-> 12 64 2 37 
Structure 993: 3 52 49 22 120 64 35 2 12 
	-> 12 64 2 3 35 49 22 
Structure 994: 3 52 136 7 64 35 157 12 
	-> 12 64 3 35 
Structure 995: 3 9 7 303 64 18 2 12 
	-> 12 64 2 3 
Structure 996: 3 9 49 297 20 2 12 
	-> 12 2 3 49 
Structure 997: 3 52 49 78 22 120 64 37 2 12 
	-> 12 64 2 3 49 22 37 
Structure 998: 30 4 950 49 0 286 60 20 268 12 
	-> 12 49 
Structure 999: 3 10 86 214 49 64 35 2 12 
	-> 12 64 2 3 35 49 
Structure 1000: 3 52 136 49 620 22 64 35 157 12 
	-> 12 64 3 35 49 22 
